Using pre-set license
Built from '2021.3/staging' branch; Version is '2021.3.0f1 (6eacc8284459) revision 7253192'; Using compiler version '192829333'; Build Type 'Release'
OS: 'Windows 10  (10.0.19044) 64bit Core' Language: 'en' Physical Memory: 32621 MB
BatchMode: 1, IsHumanControllingUs: 0, StartBugReporterOnCrash: 0, Is64bit: 1, IsPro: 1

COMMAND LINE ARGUMENTS:
C:\GameProjects\Unity\2021.3.0f1\Editor\Unity.exe
-adb2
-batchMode
-noUpm
-name
AssetImportWorker0
-projectPath
C:/GitHub/Vellamo sims
-logFile
Logs/AssetImportWorker0.log
-srvPort
63358
Successfully changed project path to: C:/GitHub/Vellamo sims
C:/GitHub/Vellamo sims
[UnityMemory] Configuration Parameters - Can be set up in boot.config
    "memorysetup-bucket-allocator-granularity=16"
    "memorysetup-bucket-allocator-bucket-count=8"
    "memorysetup-bucket-allocator-block-size=33554432"
    "memorysetup-bucket-allocator-block-count=8"
    "memorysetup-main-allocator-block-size=16777216"
    "memorysetup-thread-allocator-block-size=16777216"
    "memorysetup-gfx-main-allocator-block-size=16777216"
    "memorysetup-gfx-thread-allocator-block-size=16777216"
    "memorysetup-cache-allocator-block-size=4194304"
    "memorysetup-typetree-allocator-block-size=2097152"
    "memorysetup-profiler-bucket-allocator-granularity=16"
    "memorysetup-profiler-bucket-allocator-bucket-count=8"
    "memorysetup-profiler-bucket-allocator-block-size=33554432"
    "memorysetup-profiler-bucket-allocator-block-count=8"
    "memorysetup-profiler-allocator-block-size=16777216"
    "memorysetup-profiler-editor-allocator-block-size=1048576"
    "memorysetup-temp-allocator-size-main=16777216"
    "memorysetup-job-temp-allocator-block-size=2097152"
    "memorysetup-job-temp-allocator-block-size-background=1048576"
    "memorysetup-job-temp-allocator-reduction-small-platforms=262144"
    "memorysetup-temp-allocator-size-background-worker=32768"
    "memorysetup-temp-allocator-size-job-worker=262144"
    "memorysetup-temp-allocator-size-preload-manager=33554432"
    "memorysetup-temp-allocator-size-nav-mesh-worker=65536"
    "memorysetup-temp-allocator-size-audio-worker=65536"
    "memorysetup-temp-allocator-size-cloud-worker=32768"
    "memorysetup-temp-allocator-size-gi-baking-worker=262144"
    "memorysetup-temp-allocator-size-gfx=262144"
Refreshing native plugins compatible for Editor in 63.18 ms, found 3 plugins.
Preloading 0 native plugins for Editor in 0.00 ms.
Initialize engine version: 2021.3.0f1 (6eacc8284459)
[Subsystems] Discovering subsystems at path C:/GameProjects/Unity/2021.3.0f1/Editor/Data/Resources/UnitySubsystems
[Subsystems] Discovering subsystems at path C:/GitHub/Vellamo sims/Assets
GfxDevice: creating device client; threaded=0; jobified=0
Direct3D:
    Version:  Direct3D 11.0 [level 11.1]
    Renderer: NVIDIA GeForce RTX 3070 (ID=0x2488)
    Vendor:   NVIDIA
    VRAM:     8031 MB
    Driver:   31.0.15.3141
Initialize mono
Mono path[0] = 'C:/GameProjects/Unity/2021.3.0f1/Editor/Data/Managed'
Mono path[1] = 'C:/GameProjects/Unity/2021.3.0f1/Editor/Data/MonoBleedingEdge/lib/mono/unityjit-win32'
Mono config path = 'C:/GameProjects/Unity/2021.3.0f1/Editor/Data/MonoBleedingEdge/etc'
Using monoOptions --debugger-agent=transport=dt_socket,embedding=1,server=y,suspend=n,address=127.0.0.1:56128
Begin MonoManager ReloadAssembly
Registering precompiled unity dll's ...
Register platform support module: C:/GameProjects/Unity/2021.3.0f1/Editor/Data/PlaybackEngines/WindowsStandaloneSupport/UnityEditor.WindowsStandalone.Extensions.dll
Register platform support module: C:/GameProjects/Unity/2021.3.0f1/Editor/Data/PlaybackEngines/MetroSupport/UnityEditor.UWP.Extensions.dll
Registered in 0.004651 seconds.
Native extension for UWP target not found
Native extension for WindowsStandalone target not found
Refreshing native plugins compatible for Editor in 65.88 ms, found 3 plugins.
Preloading 0 native plugins for Editor in 0.00 ms.
Mono: successfully reloaded assembly
- Completed reload, in  0.466 seconds
Domain Reload Profiling:
	ReloadAssembly (466ms)
		BeginReloadAssembly (53ms)
			ExecutionOrderSort (0ms)
			DisableScriptedObjects (0ms)
			BackupInstance (0ms)
			ReleaseScriptingObjects (0ms)
			CreateAndSetChildDomain (1ms)
		EndReloadAssembly (333ms)
			LoadAssemblies (52ms)
			RebuildTransferFunctionScriptingTraits (0ms)
			SetupTypeCache (70ms)
			ReleaseScriptCaches (0ms)
			RebuildScriptCaches (20ms)
			SetupLoadedEditorAssemblies (210ms)
				LogAssemblyErrors (0ms)
				InitializePlatformSupportModulesInManaged (6ms)
				SetLoadedEditorAssemblies (0ms)
				RefreshPlugins (66ms)
				BeforeProcessingInitializeOnLoad (1ms)
				ProcessInitializeOnLoadAttributes (102ms)
				ProcessInitializeOnLoadMethodAttributes (35ms)
				AfterProcessingInitializeOnLoad (0ms)
				EditorAssembliesLoaded (0ms)
			ExecutionOrderSort2 (0ms)
			AwakeInstancesAfterBackupRestoration (0ms)
Platform modules already initialized, skipping
Registering precompiled user dll's ...
Registered in 0.003072 seconds.
Begin MonoManager ReloadAssembly
Symbol file LoadedFromMemory doesn't match image C:\GitHub\Vellamo sims\Library\PackageCache\com.unity.visualscripting@1.7.6\Editor\VisualScripting.Core\Dependencies\YamlDotNet\Unity.VisualScripting.YamlDotNet.dll
Symbol file LoadedFromMemory is not a mono symbol file
Symbol file LoadedFromMemory doesn't match image C:\GitHub\Vellamo sims\Library\PackageCache\com.unity.visualscripting@1.7.6\Editor\VisualScripting.Core\Dependencies\DotNetZip\Unity.VisualScripting.IonicZip.dll
Native extension for UWP target not found
Native extension for WindowsStandalone target not found
Refreshing native plugins compatible for Editor in 0.40 ms, found 3 plugins.
Preloading 0 native plugins for Editor in 0.00 ms.
Mono: successfully reloaded assembly
- Completed reload, in  0.717 seconds
Domain Reload Profiling:
	ReloadAssembly (718ms)
		BeginReloadAssembly (79ms)
			ExecutionOrderSort (0ms)
			DisableScriptedObjects (4ms)
			BackupInstance (0ms)
			ReleaseScriptingObjects (0ms)
			CreateAndSetChildDomain (14ms)
		EndReloadAssembly (560ms)
			LoadAssemblies (64ms)
			RebuildTransferFunctionScriptingTraits (0ms)
			SetupTypeCache (174ms)
			ReleaseScriptCaches (0ms)
			RebuildScriptCaches (36ms)
			SetupLoadedEditorAssemblies (262ms)
				LogAssemblyErrors (0ms)
				InitializePlatformSupportModulesInManaged (4ms)
				SetLoadedEditorAssemblies (0ms)
				RefreshPlugins (0ms)
				BeforeProcessingInitializeOnLoad (65ms)
				ProcessInitializeOnLoadAttributes (167ms)
				ProcessInitializeOnLoadMethodAttributes (20ms)
				AfterProcessingInitializeOnLoad (4ms)
				EditorAssembliesLoaded (0ms)
			ExecutionOrderSort2 (0ms)
			AwakeInstancesAfterBackupRestoration (5ms)
Platform modules already initialized, skipping
========================================================================
Worker process is ready to serve import requests
Launched and connected shader compiler UnityShaderCompiler.exe after 0.03 seconds
Refreshing native plugins compatible for Editor in 0.40 ms, found 3 plugins.
Preloading 0 native plugins for Editor in 0.00 ms.
Unloading 3626 Unused Serialized files (Serialized files now loaded: 0)
Unloading 24 unused Assets / (171.5 KB). Loaded Objects now: 4089.
Memory consumption went from 133.5 MB to 133.3 MB.
Total: 2.037500 ms (FindLiveObjects: 0.206400 ms CreateObjectMapping: 0.097600 ms MarkObjects: 1.629800 ms  DeleteObjects: 0.103100 ms)

AssetImportParameters requested are different than current active one (requested -> active):
  custom:video-decoder-ogg-theora: a1e56fd34408186e4bbccfd4996cb3dc -> 
  custom:container-muxer-webm: aa71ff27fc2769a1b78a27578f13a17b -> 
  custom:container-demuxer-webm: 4f35f7cbe854078d1ac9338744f61a02 -> 
  custom:video-encoder-webm-vp8: eb34c28f22e8b96e1ab97ce403110664 -> 
  custom:audio-encoder-webm-vorbis: bf7c407c2cedff20999df2af8eb42d56 -> 
  custom:framework-win-MediaFoundation: 216162199b28c13a410421893ffa2e32 -> 
  custom:container-demuxer-ogg: 62fdf1f143b41e24485cea50d1cbac27 -> 
  custom:video-decoder-webm-vp8: 9c59270c3fd7afecdb556c50c9e8de78 -> 
  custom:audio-decoder-ogg-vorbis: bf7c407c2cedff20999df2af8eb42d56 -> 
========================================================================
Received Import Request.
  Time since last request: 32366.382833 seconds.
  path: Assets/Scripts/SaveGameManager.cs
  artifactKey: Guid(5b35debb5d987cf48a1cdcc5122e8082) Importer(815301076,1909f56bfc062723c751e8b465ee728b)
Start importing Assets/Scripts/SaveGameManager.cs using Guid(5b35debb5d987cf48a1cdcc5122e8082) Importer(815301076,1909f56bfc062723c751e8b465ee728b)  -> (artifact id: '973c2e7dfd6f1c07fcd9863119c99224') in 0.030202 seconds 
========================================================================
Received Import Request.
  Time since last request: 1.307610 seconds.
  path: Assets/Scripts/UIManager.cs
  artifactKey: Guid(8642a2f6c61d0bc42b420a81aab6a17d) Importer(815301076,1909f56bfc062723c751e8b465ee728b)
Start importing Assets/Scripts/UIManager.cs using Guid(8642a2f6c61d0bc42b420a81aab6a17d) Importer(815301076,1909f56bfc062723c751e8b465ee728b)  -> (artifact id: 'e2429227afca7206323522eb77038b84') in 0.004750 seconds 
========================================================================
Received Import Request.
  Time since last request: 0.345480 seconds.
  path: Assets/Scripts/SelectManager.cs
  artifactKey: Guid(a27bcad26a755c74ab024dc4bd04026a) Importer(815301076,1909f56bfc062723c751e8b465ee728b)
Start importing Assets/Scripts/SelectManager.cs using Guid(a27bcad26a755c74ab024dc4bd04026a) Importer(815301076,1909f56bfc062723c751e8b465ee728b)  -> (artifact id: 'f1603b0025ce41e72c9091206adf64fa') in 0.004796 seconds 
========================================================================
Received Import Request.
  Time since last request: 112.856866 seconds.
  path: Assets/Prefabs/SelectManager.prefab
  artifactKey: Guid(a3a1b00c6df5ef14e8d3771d2c3d80b5) Importer(815301076,1909f56bfc062723c751e8b465ee728b)
Start importing Assets/Prefabs/SelectManager.prefab using Guid(a3a1b00c6df5ef14e8d3771d2c3d80b5) Importer(815301076,1909f56bfc062723c751e8b465ee728b)  -> (artifact id: 'c84d907a924158814a07a0dc17ba690f') in 0.105326 seconds 
========================================================================
Received Import Request.
  Time since last request: 354.343307 seconds.
  path: Assets/Resources/Prefabs/Barrel.prefab
  artifactKey: Guid(3690f5a40e9fb4f4fa4cd5fe69d6839f) Importer(815301076,1909f56bfc062723c751e8b465ee728b)
Start importing Assets/Resources/Prefabs/Barrel.prefab using Guid(3690f5a40e9fb4f4fa4cd5fe69d6839f) Importer(815301076,1909f56bfc062723c751e8b465ee728b)  -> (artifact id: 'df4fe50015e0bdecf32bc8dc0dbc59a2') in 0.023444 seconds 
========================================================================
Received Import Request.
  Time since last request: 0.000016 seconds.
  path: Assets/Resources/Prefabs/Wall.prefab
  artifactKey: Guid(d1ea0d0f929843e42863f13568baf903) Importer(815301076,1909f56bfc062723c751e8b465ee728b)
Start importing Assets/Resources/Prefabs/Wall.prefab using Guid(d1ea0d0f929843e42863f13568baf903) Importer(815301076,1909f56bfc062723c751e8b465ee728b)  -> (artifact id: '43c27e5bde7ebdf86539d43dfd7e775f') in 0.011252 seconds 
========================================================================
Received Import Request.
  Time since last request: 0.000014 seconds.
  path: Assets/Resources/Prefabs/SpherePivot.prefab
  artifactKey: Guid(4fad3652cdb8b66489aac8824fb4ede2) Importer(815301076,1909f56bfc062723c751e8b465ee728b)
Start importing Assets/Resources/Prefabs/SpherePivot.prefab using Guid(4fad3652cdb8b66489aac8824fb4ede2) Importer(815301076,1909f56bfc062723c751e8b465ee728b)  -> (artifact id: 'd6c580f771a84cb03512f1dac8919c65') in 0.013507 seconds 
========================================================================
Received Import Request.
  Time since last request: 0.000018 seconds.
  path: Assets/Resources/Prefabs/display corner 3.prefab
  artifactKey: Guid(504802256d31e5b4591a4ffc8a980186) Importer(815301076,1909f56bfc062723c751e8b465ee728b)
Start importing Assets/Resources/Prefabs/display corner 3.prefab using Guid(504802256d31e5b4591a4ffc8a980186) Importer(815301076,1909f56bfc062723c751e8b465ee728b)  -> (artifact id: '8a24c93a900f5e3fb2f7b8765e0b2e19') in 0.010911 seconds 
========================================================================
Received Import Request.
  Time since last request: 0.000015 seconds.
  path: Assets/Resources/Prefabs/testi kuutio.prefab
  artifactKey: Guid(c9a9a2ed0b5fd9146928d4c18523bc9a) Importer(815301076,1909f56bfc062723c751e8b465ee728b)
Start importing Assets/Resources/Prefabs/testi kuutio.prefab using Guid(c9a9a2ed0b5fd9146928d4c18523bc9a) Importer(815301076,1909f56bfc062723c751e8b465ee728b)  -> (artifact id: 'c5e34a393d86cc7437909b4575169063') in 0.015183 seconds 
========================================================================
Received Import Request.
  Time since last request: 0.000014 seconds.
  path: Assets/Resources/Prefabs/display corner 5.prefab
  artifactKey: Guid(4929a3f3bc9384243adafc5d350a4b6f) Importer(815301076,1909f56bfc062723c751e8b465ee728b)
Start importing Assets/Resources/Prefabs/display corner 5.prefab using Guid(4929a3f3bc9384243adafc5d350a4b6f) Importer(815301076,1909f56bfc062723c751e8b465ee728b)  -> (artifact id: '52f0d2cd7e088fddd0e247fd5c8eb50e') in 0.010345 seconds 
========================================================================
Received Import Request.
  Time since last request: 0.000014 seconds.
  path: Assets/Resources/Prefabs/display 8.prefab
  artifactKey: Guid(c7f400d3f06181c4795ae723342cf417) Importer(815301076,1909f56bfc062723c751e8b465ee728b)
Start importing Assets/Resources/Prefabs/display 8.prefab using Guid(c7f400d3f06181c4795ae723342cf417) Importer(815301076,1909f56bfc062723c751e8b465ee728b)  -> (artifact id: '549440cf481fef3ab9f89f4031a38238') in 0.011287 seconds 
========================================================================
Received Import Request.
  Time since last request: 0.000017 seconds.
  path: Assets/Resources/Prefabs/display 2.prefab
  artifactKey: Guid(b4abc27c2443a6946af88160c03440dc) Importer(815301076,1909f56bfc062723c751e8b465ee728b)
Start importing Assets/Resources/Prefabs/display 2.prefab using Guid(b4abc27c2443a6946af88160c03440dc) Importer(815301076,1909f56bfc062723c751e8b465ee728b)  -> (artifact id: '52b9cfb78a634c5de40439317ec32c6b') in 0.011335 seconds 
========================================================================
Received Import Request.
  Time since last request: 0.000026 seconds.
  path: Assets/Resources/Prefabs/display 4.prefab
  artifactKey: Guid(5778529f0f6bf734893b31b159e62655) Importer(815301076,1909f56bfc062723c751e8b465ee728b)
Start importing Assets/Resources/Prefabs/display 4.prefab using Guid(5778529f0f6bf734893b31b159e62655) Importer(815301076,1909f56bfc062723c751e8b465ee728b)  -> (artifact id: '95ddd2bf8796e5e652e9abd6932739d9') in 0.011037 seconds 
========================================================================
Received Import Request.
  Time since last request: 0.000016 seconds.
  path: Assets/Resources/Prefabs/kuutio.prefab
  artifactKey: Guid(f444f961da9cb6f4cad43f766ceca5ca) Importer(815301076,1909f56bfc062723c751e8b465ee728b)
Start importing Assets/Resources/Prefabs/kuutio.prefab using Guid(f444f961da9cb6f4cad43f766ceca5ca) Importer(815301076,1909f56bfc062723c751e8b465ee728b)  -> (artifact id: '83cb8a3c3c5218568c6d101693298d4b') in 0.011909 seconds 
========================================================================
Received Import Request.
  Time since last request: 0.000026 seconds.
  path: Assets/Resources/Prefabs/display corner 2.prefab
  artifactKey: Guid(c31d989161aaac64b8e1bd6166c9d032) Importer(815301076,1909f56bfc062723c751e8b465ee728b)
Start importing Assets/Resources/Prefabs/display corner 2.prefab using Guid(c31d989161aaac64b8e1bd6166c9d032) Importer(815301076,1909f56bfc062723c751e8b465ee728b)  -> (artifact id: '89cbc2aefc900c827fa36ab143fd144a') in 0.010607 seconds 
========================================================================
Received Import Request.
  Time since last request: 0.000016 seconds.
  path: Assets/Resources/Prefabs/valonheitin.prefab
  artifactKey: Guid(013f7fd0365c58f4daed8e1833ec3394) Importer(815301076,1909f56bfc062723c751e8b465ee728b)
Start importing Assets/Resources/Prefabs/valonheitin.prefab using Guid(013f7fd0365c58f4daed8e1833ec3394) Importer(815301076,1909f56bfc062723c751e8b465ee728b)  -> (artifact id: '995c1aa8988acb7d0dca916d1426f703') in 0.012835 seconds 
========================================================================
Received Import Request.
  Time since last request: 0.000016 seconds.
  path: Assets/Resources/Prefabs/display 3.prefab
  artifactKey: Guid(ef67f4fb4560fb4458be2d97edb5783a) Importer(815301076,1909f56bfc062723c751e8b465ee728b)
Start importing Assets/Resources/Prefabs/display 3.prefab using Guid(ef67f4fb4560fb4458be2d97edb5783a) Importer(815301076,1909f56bfc062723c751e8b465ee728b)  -> (artifact id: '701c924bb1666172757baca3c08874e8') in 0.010825 seconds 
========================================================================
Received Import Request.
  Time since last request: 0.000016 seconds.
  path: Assets/Resources/Prefabs/Wall mirror.prefab
  artifactKey: Guid(32890849052757a4bbf03ec2dbd03c2f) Importer(815301076,1909f56bfc062723c751e8b465ee728b)
Start importing Assets/Resources/Prefabs/Wall mirror.prefab using Guid(32890849052757a4bbf03ec2dbd03c2f) Importer(815301076,1909f56bfc062723c751e8b465ee728b)  -> (artifact id: '82f97acc1c4d6f81f4e76fbfecfbf7e2') in 0.010162 seconds 
========================================================================
Received Import Request.
  Time since last request: 0.000014 seconds.
  path: Assets/Resources/Prefabs/MeasureTool.prefab
  artifactKey: Guid(89fa8b5f7539b284ca6b486f61bbc05e) Importer(815301076,1909f56bfc062723c751e8b465ee728b)
Start importing Assets/Resources/Prefabs/MeasureTool.prefab using Guid(89fa8b5f7539b284ca6b486f61bbc05e) Importer(815301076,1909f56bfc062723c751e8b465ee728b)  -> (artifact id: 'a89dfd7d2eca1a5b1a3a0504b5b5c161') in 0.024196 seconds 
Editor requested this worker to shutdown with reason: Scaling down because of idle timeout
AssetImportWorker is now disconnected from the server
Process exiting
Exiting without the bug reporter. Application will terminate with return code 0